<?xml version="1.0" encoding="UTF-8"?>
<!-- Generated by org.testng.reporters.JUnitReportReporter -->
<testsuite hostname="Feroz" failures="0" tests="1" name="com.MyTests.RegistrationForm" time="7.353" errors="0" timestamp="2024-10-17T20:22:15 IST" skipped="0">
  <testcase classname="com.MyTests.RegistrationForm" name="testRegistrationForm" time="7.353"/>
</testsuite> <!-- com.MyTests.RegistrationForm -->
