<?xml version="1.0" encoding="UTF-8"?>
<!-- Generated by org.testng.reporters.JUnitReportReporter -->
<testsuite hostname="Feroz" failures="0" tests="1" name="com.MyTests.LoginTest" time="3.199" errors="0" timestamp="2024-10-17T19:37:17 IST" skipped="0">
  <testcase classname="com.MyTests.LoginTest" name="testlogin" time="3.199"/>
</testsuite> <!-- com.MyTests.LoginTest -->
