<?xml version="1.0" encoding="UTF-8"?>
<!-- Generated by org.testng.reporters.JUnitReportReporter -->
<testsuite hostname="Feroz" failures="0" tests="2" name="com.TestNGDemo.NewTest" time="2.980" errors="0" timestamp="2024-09-24T19:47:18 IST" skipped="0">
  <testcase classname="com.TestNGDemo.NewTest" name="OpenGoogle" time="2.978"/>
  <system-out/>
  <testcase classname="com.TestNGDemo.NewTest" name="openchrome" time="0.002"/>
  <system-out/>
</testsuite> <!-- com.TestNGDemo.NewTest -->
