<?xml version="1.0" encoding="UTF-8"?>
<!-- Generated by org.testng.reporters.JUnitReportReporter -->
<testsuite hostname="Feroz" failures="0" tests="1" name="com.TestNGDemo.Exceldatawithfriendname" time="0.034" errors="0" timestamp="2024-09-26T19:44:03 IST" skipped="0">
  <testcase classname="com.TestNGDemo.Exceldatawithfriendname" name="writeData" time="0.034"/>
  <system-out/>
</testsuite> <!-- com.TestNGDemo.Exceldatawithfriendname -->
