<?xml version="1.0" encoding="UTF-8"?>
<!-- Generated by org.testng.reporters.JUnitReportReporter -->
<testsuite hostname="Feroz" failures="0" tests="1" name="com.TestNGDemo.ReadingData" time="0.020" errors="0" timestamp="2024-10-02T18:33:08 IST" skipped="0">
  <testcase classname="com.TestNGDemo.ReadingData" name="getdata" time="0.020"/>
  <system-out/>
</testsuite> <!-- com.TestNGDemo.ReadingData -->
