<?xml version="1.0" encoding="UTF-8"?>
<!-- Generated by org.testng.reporters.JUnitReportReporter -->
<testsuite hostname="Feroz" failures="0" tests="4" name="com.TestNGDemo.Amazon" time="22.134" errors="0" timestamp="2024-09-25T13:34:10 IST" skipped="0">
  <testcase classname="com.TestNGDemo.Amazon" name="sell" time="3.880"/>
  <system-out/>
  <testcase classname="com.TestNGDemo.Amazon" name="bestseller" time="2.726"/>
  <system-out/>
  <testcase classname="com.TestNGDemo.Amazon" name="mobiles" time="11.983"/>
  <system-out/>
  <testcase classname="com.TestNGDemo.Amazon" name="Electronics" time="3.545"/>
  <system-out/>
</testsuite> <!-- com.TestNGDemo.Amazon -->
