<?xml version="1.0" encoding="UTF-8"?>
<!-- Generated by org.testng.reporters.JUnitReportReporter -->
<testsuite hostname="Feroz" failures="0" tests="4" name="com.TestNGDemo.before_after_test" time="9.714" errors="0" timestamp="2024-09-24T21:05:16 IST" skipped="0">
  <testcase classname="com.TestNGDemo.before_after_test" name="testajio" time="5.632"/>
  <system-out/>
  <testcase classname="com.TestNGDemo.before_after_test" name="testgoogle" time="1.396"/>
  <system-out/>
  <testcase classname="com.TestNGDemo.before_after_test" name="testmeesho" time="1.342"/>
  <system-out/>
  <testcase classname="com.TestNGDemo.before_after_test" name="amazon" time="1.344"/>
  <system-out/>
</testsuite> <!-- com.TestNGDemo.before_after_test -->
