<?xml version="1.0" encoding="UTF-8"?>
<!-- Generated by org.testng.reporters.JUnitReportReporter -->
<testsuite hostname="Feroz" failures="0" tests="8" name="com.TestNGDemo.Login_DDF" time="17.872" errors="0" timestamp="2024-10-03T12:24:06 IST" skipped="0">
  <testcase classname="com.TestNGDemo.Login_DDF" name="f" time="3.821"/>
  <system-out/>
  <testcase classname="com.TestNGDemo.Login_DDF" name="f" time="0.608"/>
  <system-out/>
  <testcase classname="com.TestNGDemo.Login_DDF" name="f" time="1.385"/>
  <system-out/>
  <testcase classname="com.TestNGDemo.Login_DDF" name="f" time="5.171"/>
  <system-out/>
  <testcase classname="com.TestNGDemo.Login_DDF" name="f" time="1.753"/>
  <system-out/>
  <testcase classname="com.TestNGDemo.Login_DDF" name="f" time="1.305"/>
  <system-out/>
  <testcase classname="com.TestNGDemo.Login_DDF" name="f" time="2.410"/>
  <system-out/>
  <testcase classname="com.TestNGDemo.Login_DDF" name="f" time="1.419"/>
  <system-out/>
</testsuite> <!-- com.TestNGDemo.Login_DDF -->
