<?xml version="1.0" encoding="UTF-8"?>
<!-- Generated by org.testng.reporters.JUnitReportReporter -->
<testsuite hostname="Feroz" failures="0" tests="9" name="com.TestNGDemo.Login_DemoQa_DDF" time="2.664" errors="0" timestamp="2024-10-03T12:29:04 IST" skipped="0">
  <testcase classname="com.TestNGDemo.Login_DemoQa_DDF" name="f" time="0.164"/>
  <system-out/>
  <testcase classname="com.TestNGDemo.Login_DemoQa_DDF" name="f" time="0.225"/>
  <system-out/>
  <testcase classname="com.TestNGDemo.Login_DemoQa_DDF" name="f" time="0.155"/>
  <system-out/>
  <testcase classname="com.TestNGDemo.Login_DemoQa_DDF" name="f" time="0.185"/>
  <system-out/>
  <testcase classname="com.TestNGDemo.Login_DemoQa_DDF" name="f" time="0.165"/>
  <system-out/>
  <testcase classname="com.TestNGDemo.Login_DemoQa_DDF" name="f" time="0.178"/>
  <system-out/>
  <testcase classname="com.TestNGDemo.Login_DemoQa_DDF" name="f" time="0.157"/>
  <system-out/>
  <testcase classname="com.TestNGDemo.Login_DemoQa_DDF" name="f" time="0.584"/>
  <system-out/>
  <testcase classname="com.TestNGDemo.Login_DemoQa_DDF" name="f" time="0.851"/>
  <system-out/>
</testsuite> <!-- com.TestNGDemo.Login_DemoQa_DDF -->
