<?xml version="1.0" encoding="UTF-8"?>
<!-- Generated by org.testng.reporters.JUnitReportReporter -->
<testsuite hostname="Feroz" failures="0" tests="1" name="com.websriver.WriteDatatoExcel" time="0.058" errors="0" timestamp="2024-09-26T18:17:25 IST" skipped="0">
  <testcase classname="com.websriver.WriteDatatoExcel" name="writeData" time="0.058"/>
  <system-out/>
</testsuite> <!-- com.websriver.WriteDatatoExcel -->
