<?xml version="1.0" encoding="UTF-8"?>
<!-- Generated by org.testng.reporters.JUnitReportReporter -->
<testsuite hostname="Feroz" failures="0" tests="1" name="com.TestNGDemo.LogintoHRM_DDF" time="0.000" errors="0" timestamp="2024-10-02T16:40:11 IST" skipped="1">
  <testcase classname="com.TestNGDemo.LogintoHRM_DDF" name="LogintoHRM" time="0.000">
    <skipped/>
  </testcase> <!-- LogintoHRM -->
  <system-out/>
</testsuite> <!-- com.TestNGDemo.LogintoHRM_DDF -->
