<?xml version="1.0" encoding="UTF-8"?>
<!-- Generated by org.testng.reporters.JUnitReportReporter -->
<testsuite hostname="Feroz" failures="0" tests="1" name="com.TestNGDemo.KeyWordDrivemFrameWork" time="1.145" errors="0" timestamp="2024-09-26T16:18:48 IST" skipped="0">
  <testcase classname="com.TestNGDemo.KeyWordDrivemFrameWork" name="Login" time="1.145"/>
  <system-out/>
</testsuite> <!-- com.TestNGDemo.KeyWordDrivemFrameWork -->
