<?xml version="1.0" encoding="UTF-8"?>
<!-- Generated by org.testng.reporters.JUnitReportReporter -->
<testsuite hostname="Feroz" failures="0" tests="4" name="com.TestNGDemo.MultipleTest" time="12.920" errors="0" timestamp="2024-09-24T20:15:38 IST" skipped="0">
  <testcase classname="com.TestNGDemo.MultipleTest" name="testajio" time="6.066"/>
  <system-out/>
  <testcase classname="com.TestNGDemo.MultipleTest" name="testgoogle" time="2.251"/>
  <system-out/>
  <testcase classname="com.TestNGDemo.MultipleTest" name="testmeesho" time="2.169"/>
  <system-out/>
  <testcase classname="com.TestNGDemo.MultipleTest" name="amazon" time="2.434"/>
  <system-out/>
</testsuite> <!-- com.TestNGDemo.MultipleTest -->
