<?xml version="1.0" encoding="UTF-8"?>
<!-- Generated by org.testng.reporters.JUnitReportReporter -->
<testsuite hostname="Feroz" failures="0" tests="7" name="com.TestNGDemo.LoginDataExcel_DataProvider" time="0.062" errors="0" timestamp="2024-10-02T19:59:16 IST" skipped="0">
  <testcase classname="com.TestNGDemo.LoginDataExcel_DataProvider" name="writedata" time="0.004"/>
  <system-out/>
  <testcase classname="com.TestNGDemo.LoginDataExcel_DataProvider" name="writedata" time="0.005"/>
  <system-out/>
  <testcase classname="com.TestNGDemo.LoginDataExcel_DataProvider" name="writedata" time="0.004"/>
  <system-out/>
  <testcase classname="com.TestNGDemo.LoginDataExcel_DataProvider" name="writedata" time="0.003"/>
  <system-out/>
  <testcase classname="com.TestNGDemo.LoginDataExcel_DataProvider" name="writedata" time="0.003"/>
  <system-out/>
  <testcase classname="com.TestNGDemo.LoginDataExcel_DataProvider" name="writedata" time="0.041"/>
  <system-out/>
  <testcase classname="com.TestNGDemo.LoginDataExcel_DataProvider" name="writedata" time="0.002"/>
  <system-out/>
</testsuite> <!-- com.TestNGDemo.LoginDataExcel_DataProvider -->
